<?xml version="1.0" encoding="UTF-8"?>
<!-- Generated by org.testng.reporters.JUnitReportReporter -->
<testsuite skipped="0" hostname="DESKTOP-JUI087I" name="kalki_fashions.KALKI_LOGIN_001" tests="1" failures="0" timestamp="2023-01-13T17:48:09 IST" time="8.896" errors="0">
  <testcase name="clickingOnMyProfileIcon" time="8.896" classname="kalki_fashions.KALKI_LOGIN_001"/>
  <system-out>
login page is displayed  </system-out>
</testsuite> <!-- kalki_fashions.KALKI_LOGIN_001 -->
