<?xml version="1.0" encoding="UTF-8"?>
<!-- Generated by org.testng.reporters.JUnitReportReporter -->
<testsuite skipped="0" hostname="DESKTOP-JUI087I" name="kalki_fashions.KALKI_LOGIN_002" tests="1" failures="0" timestamp="2023-01-13T17:52:13 IST" time="2.274" errors="0">
  <testcase name="enteringEmailId" time="2.274" classname="kalki_fashions.KALKI_LOGIN_002"/>
  <system-out>
login page is displayed Email Id entered is matched  </system-out>
</testsuite> <!-- kalki_fashions.KALKI_LOGIN_002 -->
